[debug] [2020-07-02T01:49:16.894Z] ----------------------------------------------------------------------
[debug] [2020-07-02T01:49:16.895Z] Command:       C:\Program Files\nodejs\node.exe C:\Users\rocio\AppData\Roaming\npm\node_modules\firebase-tools\lib\bin\firebase.js init
[debug] [2020-07-02T01:49:16.896Z] CLI Version:   8.4.2
[debug] [2020-07-02T01:49:16.896Z] Platform:      win32
[debug] [2020-07-02T01:49:16.896Z] Node Version:  v13.13.0
[debug] [2020-07-02T01:49:16.897Z] Time:          Wed Jul 01 2020 21:49:16 GMT-0400 (hora estándar de Chile)
[debug] [2020-07-02T01:49:16.897Z] ----------------------------------------------------------------------
[debug] [2020-07-02T01:49:16.897Z] 
[debug] [2020-07-02T01:49:16.903Z] > command requires scopes: ["email","openid","https://www.googleapis.com/auth/cloudplatformprojects.readonly","https://www.googleapis.com/auth/firebase","https://www.googleapis.com/auth/cloud-platform"]
[debug] [2020-07-02T01:49:16.903Z] > authorizing via signed-in user
[info] 
     ######## #### ########  ######## ########     ###     ######  ########
     ##        ##  ##     ## ##       ##     ##  ##   ##  ##       ##
     ######    ##  ########  ######   ########  #########  ######  ######
     ##        ##  ##    ##  ##       ##     ## ##     ##       ## ##
     ##       #### ##     ## ######## ########  ##     ##  ######  ########

You're about to initialize a Firebase project in this directory:

  C:\Users\rocio\OneDrive\Escritorio\Practica prueba\ensayo-prueba

Before we get started, keep in mind:

  * You are initializing in an existing Firebase project directory

